TimetableView/build/outputs/logs/manifest-merger-debug-report.txt
-- Merging decision tree log ---
manifest
ADDED from guetClassSchedule\TimetableView\AndroidManifest.xml:2:1-7:12
INJECTED from guetClassSchedule\TimetableView\AndroidManifest.xml:2:1-7:12
INJECTED from guetClassSchedule\TimetableView\AndroidManifest.xml:2:1-7:12
INJECTED from guetClassSchedule\TimetableView\AndroidManifest.xml:2:1-7:12
INJECTED from guetClassSchedule\TimetableView\AndroidManifest.xml:2:1-7:12
INJECTED from guetClassSchedule\TimetableView\AndroidManifest.xml:2:1-7:12
INJECTED from guetClassSchedule\TimetableView\AndroidManifest.xml:2:1-7:12
	package
		ADDED from guetClassSchedule\TimetableView\AndroidManifest.xml:3:5-57
		INJECTED from guetClassSchedule\TimetableView\AndroidManifest.xml
		INJECTED from guetClassSchedule\TimetableView\AndroidManifest.xml
	android:versionName
		ADDED from guetClassSchedule\TimetableView\AndroidManifest.xml:5:5-30
		INJECTED from guetClassSchedule\TimetableView\AndroidManifest.xml
		INJECTED from guetClassSchedule\TimetableView\AndroidManifest.xml
	xmlns:android
		ADDED from guetClassSchedule\TimetableView\AndroidManifest.xml:2:11-69
	android:versionCode
		ADDED from guetClassSchedule\TimetableView\AndroidManifest.xml:4:5-28
		INJECTED from guetClassSchedule\TimetableView\AndroidManifest.xml
		INJECTED from guetClassSchedule\TimetableView\AndroidManifest.xml
uses-sdk
INJECTED from guetClassSchedule\TimetableView\AndroidManifest.xml reason: use-sdk injection requested
INJECTED from guetClassSchedule\TimetableView\AndroidManifest.xml
INJECTED from guetClassSchedule\TimetableView\AndroidManifest.xml
	android:minSdkVersion
		INJECTED from guetClassSchedule\TimetableView\AndroidManifest.xml
		ADDED from guetClassSchedule\TimetableView\AndroidManifest.xml
		INJECTED from guetClassSchedule\TimetableView\AndroidManifest.xml